  box.cc
  main.cpp
  Octree.cpp
  ofApp.cpp
  Particle.cpp
  ParticleEmitter.cpp
  ParticleSystem.cpp
  TransformObject.cpp
  Util.cpp
C:\Users\sjkch\Desktop\of_v0.11.2_vs2017_release\of_v0.11.2_vs2017_release\apps\myApps\final_proj\src\vector3.h(20,20): warning C4244: 'return': conversion from 'double' to 'float', possible loss of data (compiling source file src\box.cc)
  Info: Boost.Config is older than your compiler version - probably nothing bad will happen - but you may wish to look for an update Boost version.  Define BOOST_CONFIG_SUPPRESS_OUTDATED_MESSAGE to suppress this message.
  Info: Boost.Config is older than your compiler version - probably nothing bad will happen - but you may wish to look for an update Boost version.  Define BOOST_CONFIG_SUPPRESS_OUTDATED_MESSAGE to suppress this message.
  Info: Boost.Config is older than your compiler version - probably nothing bad will happen - but you may wish to look for an update Boost version.  Define BOOST_CONFIG_SUPPRESS_OUTDATED_MESSAGE to suppress this message.
  Info: Boost.Config is older than your compiler version - probably nothing bad will happen - but you may wish to look for an update Boost version.  Define BOOST_CONFIG_SUPPRESS_OUTDATED_MESSAGE to suppress this message.
  Info: Boost.Config is older than your compiler version - probably nothing bad will happen - but you may wish to look for an update Boost version.  Define BOOST_CONFIG_SUPPRESS_OUTDATED_MESSAGE to suppress this message.
  Info: Boost.Config is older than your compiler version - probably nothing bad will happen - but you may wish to look for an update Boost version.  Define BOOST_CONFIG_SUPPRESS_OUTDATED_MESSAGE to suppress this message.
  Info: Boost.Config is older than your compiler version - probably nothing bad will happen - but you may wish to look for an update Boost version.  Define BOOST_CONFIG_SUPPRESS_OUTDATED_MESSAGE to suppress this message.
  Info: Boost.Config is older than your compiler version - probably nothing bad will happen - but you may wish to look for an update Boost version.  Define BOOST_CONFIG_SUPPRESS_OUTDATED_MESSAGE to suppress this message.
C:\Users\sjkch\Desktop\of_v0.11.2_vs2017_release\of_v0.11.2_vs2017_release\apps\myApps\final_proj\src\Octree.cpp(62,20): warning C4018: '<': signed/unsigned mismatch
C:\Users\sjkch\Desktop\of_v0.11.2_vs2017_release\of_v0.11.2_vs2017_release\apps\myApps\final_proj\src\Octree.cpp(79,20): warning C4018: '<': signed/unsigned mismatch
C:\Users\sjkch\Desktop\of_v0.11.2_vs2017_release\of_v0.11.2_vs2017_release\apps\myApps\final_proj\src\Octree.cpp(136,21): warning C4018: '<': signed/unsigned mismatch
C:\Users\sjkch\Desktop\of_v0.11.2_vs2017_release\of_v0.11.2_vs2017_release\apps\myApps\final_proj\src\Octree.cpp(170,20): warning C4018: '<': signed/unsigned mismatch
C:\Users\sjkch\Desktop\of_v0.11.2_vs2017_release\of_v0.11.2_vs2017_release\apps\myApps\final_proj\src\Octree.cpp(196,21): warning C4018: '<': signed/unsigned mismatch
C:\Users\sjkch\Desktop\of_v0.11.2_vs2017_release\of_v0.11.2_vs2017_release\apps\myApps\final_proj\src\Octree.cpp(213,21): warning C4018: '<': signed/unsigned mismatch
C:\Users\sjkch\Desktop\of_v0.11.2_vs2017_release\of_v0.11.2_vs2017_release\apps\myApps\final_proj\src\Octree.cpp(224,20): warning C4018: '<': signed/unsigned mismatch
C:\Users\sjkch\Desktop\of_v0.11.2_vs2017_release\of_v0.11.2_vs2017_release\apps\myApps\final_proj\src\Octree.cpp(236,20): warning C4018: '<': signed/unsigned mismatch
C:\Users\sjkch\Desktop\of_v0.11.2_vs2017_release\of_v0.11.2_vs2017_release\apps\myApps\final_proj\src\ParticleSystem.cpp(19,20): warning C4018: '<': signed/unsigned mismatch
C:\Users\sjkch\Desktop\of_v0.11.2_vs2017_release\of_v0.11.2_vs2017_release\apps\myApps\final_proj\src\ParticleSystem.cpp(25,20): warning C4018: '<': signed/unsigned mismatch
C:\Users\sjkch\Desktop\of_v0.11.2_vs2017_release\of_v0.11.2_vs2017_release\apps\myApps\final_proj\src\ParticleSystem.cpp(51,20): warning C4018: '<': signed/unsigned mismatch
C:\Users\sjkch\Desktop\of_v0.11.2_vs2017_release\of_v0.11.2_vs2017_release\apps\myApps\final_proj\src\ParticleSystem.cpp(52,21): warning C4018: '<': signed/unsigned mismatch
C:\Users\sjkch\Desktop\of_v0.11.2_vs2017_release\of_v0.11.2_vs2017_release\apps\myApps\final_proj\src\ParticleSystem.cpp(61,20): warning C4018: '<': signed/unsigned mismatch
C:\Users\sjkch\Desktop\of_v0.11.2_vs2017_release\of_v0.11.2_vs2017_release\apps\myApps\final_proj\src\ParticleSystem.cpp(68,20): warning C4018: '<': signed/unsigned mismatch
C:\Users\sjkch\Desktop\of_v0.11.2_vs2017_release\of_v0.11.2_vs2017_release\apps\myApps\final_proj\src\ParticleSystem.cpp(80,20): warning C4018: '<': signed/unsigned mismatch
C:\Users\sjkch\Desktop\of_v0.11.2_vs2017_release\of_v0.11.2_vs2017_release\apps\myApps\final_proj\src\ofApp.cpp(26,11): warning C4996: 'ofNode::rotate': Use the Deg/Rad version.
C:\Users\sjkch\Desktop\of_v0.11.2_vs2017_release\of_v0.11.2_vs2017_release\apps\myApps\final_proj\src\ofApp.cpp(153,20): warning C4018: '<': signed/unsigned mismatch
C:\Users\sjkch\Desktop\of_v0.11.2_vs2017_release\of_v0.11.2_vs2017_release\apps\myApps\final_proj\src\ofApp.cpp(157,20): warning C4018: '<': signed/unsigned mismatch
C:\Users\sjkch\Desktop\of_v0.11.2_vs2017_release\of_v0.11.2_vs2017_release\apps\myApps\final_proj\src\ofApp.cpp(341,20): warning C4018: '<': signed/unsigned mismatch
C:\Users\sjkch\Desktop\of_v0.11.2_vs2017_release\of_v0.11.2_vs2017_release\apps\myApps\final_proj\src\ray.h(22): warning C4723: potential divide by 0
  ofxAssimpAnimation.cpp
  ofxAssimpMeshHelper.cpp
  ofxAssimpModelLoader.cpp
  ofxAssimpTexture.cpp
  Info: Boost.Config is older than your compiler version - probably nothing bad will happen - but you may wish to look for an update Boost version.  Define BOOST_CONFIG_SUPPRESS_OUTDATED_MESSAGE to suppress this message.
  Info: Boost.Config is older than your compiler version - probably nothing bad will happen - but you may wish to look for an update Boost version.  Define BOOST_CONFIG_SUPPRESS_OUTDATED_MESSAGE to suppress this message.
  ofxBaseGui.cpp
  ofxButton.cpp
  ofxColorPicker.cpp
  ofxGuiGroup.cpp
  ofxInputField.cpp
  ofxLabel.cpp
  ofxPanel.cpp
  ofxSlider.cpp
  ofxSliderGroup.cpp
  ofxToggle.cpp
  Info: Boost.Config is older than your compiler version - probably nothing bad will happen - but you may wish to look for an update Boost version.  Define BOOST_CONFIG_SUPPRESS_OUTDATED_MESSAGE to suppress this message.
  Info: Boost.Config is older than your compiler version - probably nothing bad will happen - but you may wish to look for an update Boost version.  Define BOOST_CONFIG_SUPPRESS_OUTDATED_MESSAGE to suppress this message.
  Info: Boost.Config is older than your compiler version - probably nothing bad will happen - but you may wish to look for an update Boost version.  Define BOOST_CONFIG_SUPPRESS_OUTDATED_MESSAGE to suppress this message.
  Info: Boost.Config is older than your compiler version - probably nothing bad will happen - but you may wish to look for an update Boost version.  Define BOOST_CONFIG_SUPPRESS_OUTDATED_MESSAGE to suppress this message.
  Info: Boost.Config is older than your compiler version - probably nothing bad will happen - but you may wish to look for an update Boost version.  Define BOOST_CONFIG_SUPPRESS_OUTDATED_MESSAGE to suppress this message.
  Info: Boost.Config is older than your compiler version - probably nothing bad will happen - but you may wish to look for an update Boost version.  Define BOOST_CONFIG_SUPPRESS_OUTDATED_MESSAGE to suppress this message.
  Info: Boost.Config is older than your compiler version - probably nothing bad will happen - but you may wish to look for an update Boost version.  Define BOOST_CONFIG_SUPPRESS_OUTDATED_MESSAGE to suppress this message.
  Info: Boost.Config is older than your compiler version - probably nothing bad will happen - but you may wish to look for an update Boost version.  Define BOOST_CONFIG_SUPPRESS_OUTDATED_MESSAGE to suppress this message.
  Info: Boost.Config is older than your compiler version - probably nothing bad will happen - but you may wish to look for an update Boost version.  Define BOOST_CONFIG_SUPPRESS_OUTDATED_MESSAGE to suppress this message.
  Info: Boost.Config is older than your compiler version - probably nothing bad will happen - but you may wish to look for an update Boost version.  Define BOOST_CONFIG_SUPPRESS_OUTDATED_MESSAGE to suppress this message.
C:\Users\sjkch\Desktop\of_v0.11.2_vs2017_release\of_v0.11.2_vs2017_release\addons\ofxGui\src\ofxInputField.cpp(276,23): warning C4018: '<': signed/unsigned mismatch
C:\Users\sjkch\Desktop\of_v0.11.2_vs2017_release\of_v0.11.2_vs2017_release\addons\ofxGui\src\ofxInputField.cpp(265): message : while compiling class template member function 'void ofxInputField<float>::moveCursor(int)'
C:\Users\sjkch\Desktop\of_v0.11.2_vs2017_release\of_v0.11.2_vs2017_release\addons\ofxGui\src\ofxInputField.cpp(368): message : see reference to function template instantiation 'void ofxInputField<float>::moveCursor(int)' being compiled
C:\Users\sjkch\Desktop\of_v0.11.2_vs2017_release\of_v0.11.2_vs2017_release\addons\ofxGui\src\ofxInputField.cpp(805): message : see reference to class template instantiation 'ofxInputField<float>' being compiled
     Creating library bin\final_proj.lib and object bin\final_proj.exp
  LINK : /LTCG specified but no code generation required; remove /LTCG from the link command line to improve linker performance
  final_proj.vcxproj -> C:\Users\sjkch\Desktop\of_v0.11.2_vs2017_release\of_v0.11.2_vs2017_release\apps\myApps\final_proj\bin\final_proj.exe
  
  	                   2	C:\Users\sjkch\Desktop\of_v0.11.2_vs2017_release\of_v0.11.2_vs2017_release\libs\fmod\lib\vs\Win32\
  	  *EXTRA File 		 3385856	C:\Users\sjkch\Desktop\of_v0.11.2_vs2017_release\of_v0.11.2_vs2017_release\apps\myApps\final_proj\bin\assimp32.dll
  	  *EXTRA File 		 4161536	C:\Users\sjkch\Desktop\of_v0.11.2_vs2017_release\of_v0.11.2_vs2017_release\apps\myApps\final_proj\bin\assimp64.dll
  	  *EXTRA File 		 6018560	C:\Users\sjkch\Desktop\of_v0.11.2_vs2017_release\of_v0.11.2_vs2017_release\apps\myApps\final_proj\bin\FreeImage.dll
  
  	                   1	C:\Users\sjkch\Desktop\of_v0.11.2_vs2017_release\of_v0.11.2_vs2017_release\libs\FreeImage\lib\vs\Win32\
  	  *EXTRA File 		 3385856	C:\Users\sjkch\Desktop\of_v0.11.2_vs2017_release\of_v0.11.2_vs2017_release\apps\myApps\final_proj\bin\assimp32.dll
  	  *EXTRA File 		 4161536	C:\Users\sjkch\Desktop\of_v0.11.2_vs2017_release\of_v0.11.2_vs2017_release\apps\myApps\final_proj\bin\assimp64.dll
  	  *EXTRA File 		 1544704	C:\Users\sjkch\Desktop\of_v0.11.2_vs2017_release\of_v0.11.2_vs2017_release\apps\myApps\final_proj\bin\fmod.dll
  	  *EXTRA File 		 1733120	C:\Users\sjkch\Desktop\of_v0.11.2_vs2017_release\of_v0.11.2_vs2017_release\apps\myApps\final_proj\bin\fmodL.dll
