c:\users\sjkch\desktop\of_v0.11.2_vs2017_release\of_v0.11.2_vs2017_release\apps\myapps\final_proj\addons\ofxgui\src\ofxslider.obj
c:\users\sjkch\desktop\of_v0.11.2_vs2017_release\of_v0.11.2_vs2017_release\apps\myapps\final_proj\addons\ofxgui\src\ofxcolorpicker.obj
c:\users\sjkch\desktop\of_v0.11.2_vs2017_release\of_v0.11.2_vs2017_release\apps\myapps\final_proj\addons\ofxgui\src\ofxbasegui.obj
c:\users\sjkch\desktop\of_v0.11.2_vs2017_release\of_v0.11.2_vs2017_release\apps\myapps\final_proj\addons\ofxgui\src\ofxtoggle.obj
c:\users\sjkch\desktop\of_v0.11.2_vs2017_release\of_v0.11.2_vs2017_release\apps\myapps\final_proj\addons\ofxgui\src\ofxinputfield.obj
c:\users\sjkch\desktop\of_v0.11.2_vs2017_release\of_v0.11.2_vs2017_release\apps\myapps\final_proj\addons\ofxgui\src\ofxpanel.obj
c:\users\sjkch\desktop\of_v0.11.2_vs2017_release\of_v0.11.2_vs2017_release\apps\myapps\final_proj\addons\ofxgui\src\ofxslidergroup.obj
c:\users\sjkch\desktop\of_v0.11.2_vs2017_release\of_v0.11.2_vs2017_release\apps\myapps\final_proj\addons\ofxgui\src\ofxlabel.obj
c:\users\sjkch\desktop\of_v0.11.2_vs2017_release\of_v0.11.2_vs2017_release\apps\myapps\final_proj\addons\ofxgui\src\ofxguigroup.obj
c:\users\sjkch\desktop\of_v0.11.2_vs2017_release\of_v0.11.2_vs2017_release\apps\myapps\final_proj\addons\ofxgui\src\ofxbutton.obj
c:\users\sjkch\desktop\of_v0.11.2_vs2017_release\of_v0.11.2_vs2017_release\apps\myapps\final_proj\addons\ofxassimpmodelloader\src\ofxassimpmeshhelper.obj
c:\users\sjkch\desktop\of_v0.11.2_vs2017_release\of_v0.11.2_vs2017_release\apps\myapps\final_proj\addons\ofxassimpmodelloader\src\ofxassimpmodelloader.obj
c:\users\sjkch\desktop\of_v0.11.2_vs2017_release\of_v0.11.2_vs2017_release\apps\myapps\final_proj\addons\ofxassimpmodelloader\src\ofxassimptexture.obj
c:\users\sjkch\desktop\of_v0.11.2_vs2017_release\of_v0.11.2_vs2017_release\apps\myapps\final_proj\addons\ofxassimpmodelloader\src\ofxassimpanimation.obj
c:\users\sjkch\desktop\of_v0.11.2_vs2017_release\of_v0.11.2_vs2017_release\apps\myapps\final_proj\obj\win32\release\vc141.pdb
c:\users\sjkch\desktop\of_v0.11.2_vs2017_release\of_v0.11.2_vs2017_release\apps\myapps\final_proj\obj\win32\release\src\main.obj
c:\users\sjkch\desktop\of_v0.11.2_vs2017_release\of_v0.11.2_vs2017_release\apps\myapps\final_proj\obj\win32\release\src\ofapp.obj
c:\users\sjkch\desktop\of_v0.11.2_vs2017_release\of_v0.11.2_vs2017_release\apps\myapps\final_proj\obj\win32\release\src\particleemitter.obj
c:\users\sjkch\desktop\of_v0.11.2_vs2017_release\of_v0.11.2_vs2017_release\apps\myapps\final_proj\obj\win32\release\src\particlesystem.obj
c:\users\sjkch\desktop\of_v0.11.2_vs2017_release\of_v0.11.2_vs2017_release\apps\myapps\final_proj\obj\win32\release\src\octree.obj
c:\users\sjkch\desktop\of_v0.11.2_vs2017_release\of_v0.11.2_vs2017_release\apps\myapps\final_proj\obj\win32\release\src\util.obj
c:\users\sjkch\desktop\of_v0.11.2_vs2017_release\of_v0.11.2_vs2017_release\apps\myapps\final_proj\obj\win32\release\src\particle.obj
c:\users\sjkch\desktop\of_v0.11.2_vs2017_release\of_v0.11.2_vs2017_release\apps\myapps\final_proj\obj\win32\release\src\transformobject.obj
c:\users\sjkch\desktop\of_v0.11.2_vs2017_release\of_v0.11.2_vs2017_release\apps\myapps\final_proj\obj\win32\release\src\box.obj
c:\users\sjkch\desktop\of_v0.11.2_vs2017_release\of_v0.11.2_vs2017_release\apps\myapps\final_proj\bin\final_proj.lib
c:\users\sjkch\desktop\of_v0.11.2_vs2017_release\of_v0.11.2_vs2017_release\apps\myapps\final_proj\bin\final_proj.exp
c:\users\sjkch\desktop\of_v0.11.2_vs2017_release\of_v0.11.2_vs2017_release\apps\myapps\final_proj\bin\final_proj.exe
c:\users\sjkch\desktop\of_v0.11.2_vs2017_release\of_v0.11.2_vs2017_release\apps\myapps\final_proj\obj\win32\release\icon.res
c:\users\sjkch\desktop\of_v0.11.2_vs2017_release\of_v0.11.2_vs2017_release\apps\myapps\final_proj\obj\win32\release\final_proj.tlog\cl.command.1.tlog
c:\users\sjkch\desktop\of_v0.11.2_vs2017_release\of_v0.11.2_vs2017_release\apps\myapps\final_proj\obj\win32\release\final_proj.tlog\cl.read.1.tlog
c:\users\sjkch\desktop\of_v0.11.2_vs2017_release\of_v0.11.2_vs2017_release\apps\myapps\final_proj\obj\win32\release\final_proj.tlog\cl.write.1.tlog
c:\users\sjkch\desktop\of_v0.11.2_vs2017_release\of_v0.11.2_vs2017_release\apps\myapps\final_proj\obj\win32\release\final_proj.tlog\final_proj.write.1u.tlog
c:\users\sjkch\desktop\of_v0.11.2_vs2017_release\of_v0.11.2_vs2017_release\apps\myapps\final_proj\obj\win32\release\final_proj.tlog\link.command.1.tlog
c:\users\sjkch\desktop\of_v0.11.2_vs2017_release\of_v0.11.2_vs2017_release\apps\myapps\final_proj\obj\win32\release\final_proj.tlog\link.read.1.tlog
c:\users\sjkch\desktop\of_v0.11.2_vs2017_release\of_v0.11.2_vs2017_release\apps\myapps\final_proj\obj\win32\release\final_proj.tlog\link.write.1.tlog
c:\users\sjkch\desktop\of_v0.11.2_vs2017_release\of_v0.11.2_vs2017_release\apps\myapps\final_proj\obj\win32\release\final_proj.tlog\rc.command.1.tlog
c:\users\sjkch\desktop\of_v0.11.2_vs2017_release\of_v0.11.2_vs2017_release\apps\myapps\final_proj\obj\win32\release\final_proj.tlog\rc.read.1.tlog
c:\users\sjkch\desktop\of_v0.11.2_vs2017_release\of_v0.11.2_vs2017_release\apps\myapps\final_proj\obj\win32\release\final_proj.tlog\rc.write.1.tlog
